
**** Build of configuration Debug for project project ****

"C:\\ti\\ccs1230\\ccs\\utils\\bin\\gmake" -k -j 20 all -O 
 
Building file: "../manual_control.c"
Invoking: Arm Compiler
"C:/ti/ccs1230/ccs/tools/compiler/ti-cgt-arm_20.2.7.LTS/bin/armcl" -mv7M4 --code_state=16 --float_support=FPv4SPD16 -me --include_path="U:/CPRE288/288_final_proj/project" --include_path="C:/ti/TivaWare_C_Series-2.2.0.295" --include_path="C:/ti/ccs1230/ccs/tools/compiler/ti-cgt-arm_20.2.7.LTS/include" --define=ccs="ccs" --define=PART_TM4C123GH6PM -g --gcc --diag_warning=225 --diag_wrap=off --display_error_number --abi=eabi --preproc_with_compile --preproc_dependency="manual_control.d_raw"  "../manual_control.c"
 
>> Compilation failure
subdir_rules.mk:9: recipe for target 'manual_control.obj' failed
"..\uart.h", line 19: error #131: expected a "{"
"../manual_control.c", line 26: warning #12-D: parsing restarts here after previous syntax error
"../manual_control.c", line 27: warning #225-D: function "uart_receive_server" declared implicitly
"../manual_control.c", line 27: warning #145-D: a value of type "int" cannot be used to initialize an entity of type "char *"
"../manual_control.c", line 29: warning #225-D: function "uart_sendStr" declared implicitly
"../manual_control.c", line 30: warning #515-D: a value of type "int" cannot be assigned to an entity of type "char *"
"../manual_control.c", line 32: warning #121-D: return value type does not match the function type
"../manual_control.c", line 42: warning #225-D: function "uart_sendStr" declared implicitly
"../manual_control.c", line 43: warning #225-D: function "receive_number" declared implicitly
"../manual_control.c", line 44: error #20: identifier "response" is undefined
"../manual_control.c", line 46: warning #225-D: function "uart_receive_server" declared implicitly
"../manual_control.c", line 46: warning #145-D: a value of type "int" cannot be used to initialize an entity of type "char *"
"../manual_control.c", line 52: warning #225-D: function "uart_sendStr" declared implicitly
"../manual_control.c", line 53: warning #225-D: function "receive_number" declared implicitly
"../manual_control.c", line 54: error #20: identifier "response" is undefined
"../manual_control.c", line 56: warning #225-D: function "uart_receive_server" declared implicitly
"../manual_control.c", line 56: warning #145-D: a value of type "int" cannot be used to initialize an entity of type "char *"
"../manual_control.c", line 62: warning #225-D: function "uart_sendStr" declared implicitly
"../manual_control.c", line 63: error #20: identifier "number" is undefined
"../manual_control.c", line 63: warning #225-D: function "receive_number" declared implicitly
"../manual_control.c", line 64: error #20: identifier "response" is undefined
"../manual_control.c", line 66: warning #225-D: function "uart_receive_server" declared implicitly
"../manual_control.c", line 66: warning #145-D: a value of type "int" cannot be used to initialize an entity of type "char *"
"../manual_control.c", line 72: warning #225-D: function "uart_sendStr" declared implicitly
"../manual_control.c", line 73: error #20: identifier "number" is undefined
"../manual_control.c", line 73: warning #225-D: function "receive_number" declared implicitly
"../manual_control.c", line 74: error #20: identifier "response" is undefined
"../manual_control.c", line 76: warning #225-D: function "uart_receive_server" declared implicitly
"../manual_control.c", line 76: warning #145-D: a value of type "int" cannot be used to initialize an entity of type "char *"
"../manual_control.c", line 85: warning #225-D: function "uart_sendStr" declared implicitly
"../manual_control.c", line 86: error #20: identifier "command" is undefined
"../manual_control.c", line 86: warning #225-D: function "uart_receive_server" declared implicitly
8 errors detected in the compilation of "../manual_control.c".
gmake: *** [manual_control.obj] Error 1
Building file: "../movement.c"
Invoking: Arm Compiler
"C:/ti/ccs1230/ccs/tools/compiler/ti-cgt-arm_20.2.7.LTS/bin/armcl" -mv7M4 --code_state=16 --float_support=FPv4SPD16 -me --include_path="U:/CPRE288/288_final_proj/project" --include_path="C:/ti/TivaWare_C_Series-2.2.0.295" --include_path="C:/ti/ccs1230/ccs/tools/compiler/ti-cgt-arm_20.2.7.LTS/include" --define=ccs="ccs" --define=PART_TM4C123GH6PM -g --gcc --diag_warning=225 --diag_wrap=off --display_error_number --abi=eabi --preproc_with_compile --preproc_dependency="movement.d_raw"  "../movement.c"
 
>> Compilation failure
subdir_rules.mk:9: recipe for target 'movement.obj' failed
"../movement.c", line 11: error #131: expected a "{"
"../movement.c", line 12: error #20: identifier "sensor" is undefined
"../movement.c", line 12: warning #121-D: return value type does not match the function type
"../movement.c", line 13: warning #121-D: return value type does not match the function type
2 errors detected in the compilation of "../movement.c".
gmake: *** [movement.obj] Error 1
Building file: "../helpers.c"
Invoking: Arm Compiler
"C:/ti/ccs1230/ccs/tools/compiler/ti-cgt-arm_20.2.7.LTS/bin/armcl" -mv7M4 --code_state=16 --float_support=FPv4SPD16 -me --include_path="U:/CPRE288/288_final_proj/project" --include_path="C:/ti/TivaWare_C_Series-2.2.0.295" --include_path="C:/ti/ccs1230/ccs/tools/compiler/ti-cgt-arm_20.2.7.LTS/include" --define=ccs="ccs" --define=PART_TM4C123GH6PM -g --gcc --diag_warning=225 --diag_wrap=off --display_error_number --abi=eabi --preproc_with_compile --preproc_dependency="helpers.d_raw"  "../helpers.c"
 
>> Compilation failure
subdir_rules.mk:9: recipe for target 'helpers.obj' failed
"../helpers.c", line 12: error #131: expected a "{"
"../helpers.c", line 19: warning #12-D: parsing restarts here after previous syntax error
"../helpers.c", line 34: error #20: identifier "sensor" is undefined
"../helpers.c", line 46: error #20: identifier "r" is undefined
"../helpers.c", line 47: error #20: identifier "c" is undefined
"../helpers.c", line 112: warning #179-D: variable "index" was declared but never referenced
"../helpers.c", line 144: error #20: identifier "r" is undefined
"../helpers.c", line 144: error #20: identifier "c" is undefined
"../helpers.c", line 195: warning #179-D: variable "temp" was declared but never referenced
"../helpers.c", line 215: warning #179-D: variable "temp" was declared but never referenced
"../helpers.c", line 245: warning #179-D: variable "temp" was declared but never referenced
"../helpers.c", line 263: error #20: identifier "givenDirs" is undefined
"../helpers.c", line 263: error #20: identifier "numDirs" is undefined
"../helpers.c", line 270: error #20: identifier "givenDirs" is undefined
"../helpers.c", line 270: error #20: identifier "numDirs" is undefined
"../helpers.c", line 278: error #20: identifier "numDirs" is undefined
"../helpers.c", line 280: error #20: identifier "givenDirs" is undefined
12 errors detected in the compilation of "../helpers.c".
gmake: *** [helpers.obj] Error 1
Building file: "../main.c"
Invoking: Arm Compiler
"C:/ti/ccs1230/ccs/tools/compiler/ti-cgt-arm_20.2.7.LTS/bin/armcl" -mv7M4 --code_state=16 --float_support=FPv4SPD16 -me --include_path="U:/CPRE288/288_final_proj/project" --include_path="C:/ti/TivaWare_C_Series-2.2.0.295" --include_path="C:/ti/ccs1230/ccs/tools/compiler/ti-cgt-arm_20.2.7.LTS/include" --define=ccs="ccs" --define=PART_TM4C123GH6PM -g --gcc --diag_warning=225 --diag_wrap=off --display_error_number --abi=eabi --preproc_with_compile --preproc_dependency="main.d_raw"  "../main.c"
 
>> Compilation failure
subdir_rules.mk:9: recipe for target 'main.obj' failed
"..\manual_control.h", line 11: error #131: expected a "{"
"../main.c", line 18: warning #12-D: parsing restarts here after previous syntax error
"../main.c", line 41: warning #225-D: function "drive" declared implicitly
"../main.c", line 54: warning #121-D: return value type does not match the function type
1 error detected in the compilation of "../main.c".
gmake: *** [main.obj] Error 1
gmake: Target 'all' not remade because of errors.

**** Build Finished ****
